[debug] [2023-11-22T11:45:34.473Z] ----------------------------------------------------------------------
[debug] [2023-11-22T11:45:34.476Z] Command:       C:\Program Files\nodejs\node.exe C:\Users\Labib\AppData\Roaming\npm\node_modules\firebase-tools\lib\bin\firebase.js init
[debug] [2023-11-22T11:45:34.477Z] CLI Version:   12.9.1
[debug] [2023-11-22T11:45:34.477Z] Platform:      win32
[debug] [2023-11-22T11:45:34.478Z] Node Version:  v18.18.2
[debug] [2023-11-22T11:45:34.479Z] Time:          Wed Nov 22 2023 17:45:34 GMT+0600 (Bangladesh Standard Time)
[debug] [2023-11-22T11:45:34.479Z] ----------------------------------------------------------------------
[debug] 
[debug] [2023-11-22T11:45:34.628Z] > command requires scopes: ["email","openid","https://www.googleapis.com/auth/cloudplatformprojects.readonly","https://www.googleapis.com/auth/firebase","https://www.googleapis.com/auth/cloud-platform"]
[debug] [2023-11-22T11:45:34.629Z] > authorizing via signed-in user (labibstar@gmail.com)
[info] 
     ######## #### ########  ######## ########     ###     ######  ########
     ##        ##  ##     ## ##       ##     ##  ##   ##  ##       ##
     ######    ##  ########  ######   ########  #########  ######  ######
     ##        ##  ##    ##  ##       ##     ## ##     ##       ## ##
     ##       #### ##     ## ######## ########  ##     ##  ######  ########

You're about to initialize a Firebase project in this directory:

  E:\Projects\financial-health-app

Before we get started, keep in mind:

  * You are initializing within an existing Firebase project directory

[info] 
=== Project Setup
[info] 
[info] First, let's associate this project directory with a Firebase project.
[info] You can create multiple project aliases by running firebase use --add, 
[info] but for now we'll just set up a default project.
[info] 
[debug] [2023-11-22T11:47:21.521Z] > refreshing access token with scopes: []
[debug] [2023-11-22T11:47:21.523Z] >>> [apiv2][query] POST https://www.googleapis.com/oauth2/v3/token [none]
[debug] [2023-11-22T11:47:21.523Z] >>> [apiv2][body] POST https://www.googleapis.com/oauth2/v3/token [omitted]
[debug] [2023-11-22T11:47:21.779Z] <<< [apiv2][status] POST https://www.googleapis.com/oauth2/v3/token 400
[debug] [2023-11-22T11:47:21.779Z] <<< [apiv2][body] POST https://www.googleapis.com/oauth2/v3/token [omitted]
[debug] [2023-11-22T11:47:21.780Z] >>> [apiv2][query] GET https://firebase.googleapis.com/v1beta1/projects pageSize=100
[debug] [2023-11-22T11:47:22.426Z] <<< [apiv2][status] GET https://firebase.googleapis.com/v1beta1/projects 401
[debug] [2023-11-22T11:47:22.427Z] <<< [apiv2][body] GET https://firebase.googleapis.com/v1beta1/projects [omitted]
[debug] [2023-11-22T11:47:22.427Z] HTTP Error: 401, Request had invalid authentication credentials. Expected OAuth 2 access token, login cookie or other valid authentication credential. See https://developers.google.com/identity/sign-in/web/devconsole-project.
[debug] [2023-11-22T11:47:22.586Z] FirebaseError: HTTP Error: 401, Request had invalid authentication credentials. Expected OAuth 2 access token, login cookie or other valid authentication credential. See https://developers.google.com/identity/sign-in/web/devconsole-project.
    at responseToError (C:\Users\Labib\AppData\Roaming\npm\node_modules\firebase-tools\lib\responseToError.js:49:12)
    at RetryOperation._fn (C:\Users\Labib\AppData\Roaming\npm\node_modules\firebase-tools\lib\apiv2.js:285:77)
    at process.processTicksAndRejections (node:internal/process/task_queues:95:5)
[error] 
[error] Error: Failed to list Firebase projects. See firebase-debug.log for more info.
[debug] [2023-11-22T11:50:20.892Z] ----------------------------------------------------------------------
[debug] [2023-11-22T11:50:20.896Z] Command:       C:\Program Files\nodejs\node.exe C:\Users\Labib\AppData\Roaming\npm\node_modules\firebase-tools\lib\bin\firebase.js init
[debug] [2023-11-22T11:50:20.897Z] CLI Version:   12.9.1
[debug] [2023-11-22T11:50:20.898Z] Platform:      win32
[debug] [2023-11-22T11:50:20.898Z] Node Version:  v18.18.2
[debug] [2023-11-22T11:50:20.900Z] Time:          Wed Nov 22 2023 17:50:20 GMT+0600 (Bangladesh Standard Time)
[debug] [2023-11-22T11:50:20.900Z] ----------------------------------------------------------------------
[debug] 
[debug] [2023-11-22T11:50:21.024Z] > command requires scopes: ["email","openid","https://www.googleapis.com/auth/cloudplatformprojects.readonly","https://www.googleapis.com/auth/firebase","https://www.googleapis.com/auth/cloud-platform"]
[debug] [2023-11-22T11:50:21.025Z] > authorizing via signed-in user (labibstar@gmail.com)
[info] 
     ######## #### ########  ######## ########     ###     ######  ########
     ##        ##  ##     ## ##       ##     ##  ##   ##  ##       ##
     ######    ##  ########  ######   ########  #########  ######  ######
     ##        ##  ##    ##  ##       ##     ## ##     ##       ## ##
     ##       #### ##     ## ######## ########  ##     ##  ######  ########

You're about to initialize a Firebase project in this directory:

  E:\Projects\financial-health-app

Before we get started, keep in mind:

  * You are initializing within an existing Firebase project directory

[info] 
=== Project Setup
[info] 
[info] First, let's associate this project directory with a Firebase project.
[info] You can create multiple project aliases by running firebase use --add, 
[info] but for now we'll just set up a default project.
[info] 
[info] i  If you want to create a project in a Google Cloud organization or folder, please use "firebase projects:create" instead, and return to this command when you've created the project. 
[debug] [2023-11-22T11:50:48.622Z] ----------------------------------------------------------------------
[debug] [2023-11-22T11:50:48.626Z] Command:       C:\Program Files\nodejs\node.exe C:\Users\Labib\AppData\Roaming\npm\node_modules\firebase-tools\lib\bin\firebase.js init
[debug] [2023-11-22T11:50:48.627Z] CLI Version:   12.9.1
[debug] [2023-11-22T11:50:48.627Z] Platform:      win32
[debug] [2023-11-22T11:50:48.628Z] Node Version:  v18.18.2
[debug] [2023-11-22T11:50:48.629Z] Time:          Wed Nov 22 2023 17:50:48 GMT+0600 (Bangladesh Standard Time)
[debug] [2023-11-22T11:50:48.629Z] ----------------------------------------------------------------------
[debug] 
[debug] [2023-11-22T11:50:48.749Z] > command requires scopes: ["email","openid","https://www.googleapis.com/auth/cloudplatformprojects.readonly","https://www.googleapis.com/auth/firebase","https://www.googleapis.com/auth/cloud-platform"]
[debug] [2023-11-22T11:50:48.750Z] > authorizing via signed-in user (labibstar@gmail.com)
[info] 
     ######## #### ########  ######## ########     ###     ######  ########
     ##        ##  ##     ## ##       ##     ##  ##   ##  ##       ##
     ######    ##  ########  ######   ########  #########  ######  ######
     ##        ##  ##    ##  ##       ##     ## ##     ##       ## ##
     ##       #### ##     ## ######## ########  ##     ##  ######  ########

You're about to initialize a Firebase project in this directory:

  E:\Projects\financial-health-app

Before we get started, keep in mind:

  * You are initializing within an existing Firebase project directory

[info] 
=== Project Setup
[info] 
[info] First, let's associate this project directory with a Firebase project.
[info] You can create multiple project aliases by running firebase use --add, 
[info] but for now we'll just set up a default project.
[info] 
[debug] [2023-11-22T11:51:04.095Z] > refreshing access token with scopes: []
[debug] [2023-11-22T11:51:04.097Z] >>> [apiv2][query] POST https://www.googleapis.com/oauth2/v3/token [none]
[debug] [2023-11-22T11:51:04.097Z] >>> [apiv2][body] POST https://www.googleapis.com/oauth2/v3/token [omitted]
[debug] [2023-11-22T11:51:04.348Z] <<< [apiv2][status] POST https://www.googleapis.com/oauth2/v3/token 400
[debug] [2023-11-22T11:51:04.348Z] <<< [apiv2][body] POST https://www.googleapis.com/oauth2/v3/token [omitted]
[debug] [2023-11-22T11:51:04.349Z] >>> [apiv2][query] GET https://firebase.googleapis.com/v1beta1/projects pageSize=100
[debug] [2023-11-22T11:51:04.670Z] <<< [apiv2][status] GET https://firebase.googleapis.com/v1beta1/projects 401
[debug] [2023-11-22T11:51:04.670Z] <<< [apiv2][body] GET https://firebase.googleapis.com/v1beta1/projects [omitted]
[debug] [2023-11-22T11:51:04.671Z] HTTP Error: 401, Request had invalid authentication credentials. Expected OAuth 2 access token, login cookie or other valid authentication credential. See https://developers.google.com/identity/sign-in/web/devconsole-project.
[debug] [2023-11-22T11:51:04.977Z] FirebaseError: HTTP Error: 401, Request had invalid authentication credentials. Expected OAuth 2 access token, login cookie or other valid authentication credential. See https://developers.google.com/identity/sign-in/web/devconsole-project.
    at responseToError (C:\Users\Labib\AppData\Roaming\npm\node_modules\firebase-tools\lib\responseToError.js:49:12)
    at RetryOperation._fn (C:\Users\Labib\AppData\Roaming\npm\node_modules\firebase-tools\lib\apiv2.js:285:77)
    at process.processTicksAndRejections (node:internal/process/task_queues:95:5)
[error] 
[error] Error: Failed to list Firebase projects. See firebase-debug.log for more info.
